11085834323607
1148018772782
2144334698904
13071621456495
2141864479344
80457280319873
10485589890281
3787760025754
39073279686402
268631168939
8851782811314
99100912714495
149447021091385
60966443819579
55643047565
80008569419714
8510343317450
5738332677234
881636266469
542385496934727
26171678138526
478740699280176
1765775300117229
112289780653960
28568356512822
18959824571954
27657432554466
266899718514
32251890850320
4854775553636
3362646675559
210961092006
332289016804120
2799336396068
4791785292139
71671323952314
8497915654481
103009208575552
10617091357651
53499127280538
609576345939
161452457995073
6234887207506
6803482611611
38240518481044
1631662032164
70666562417431
