11105129184
7832627287
7645076177
292006619
3924835841
463500177
1441697755
294703657
2006911596
215272197
5012108046
9890452
273765393
82409449
7642416741
1198733448
146891981
81845604
3882461928
7080944
259494380
18865990628
166860486
47572104455
699376481
26220706
1702078874
91960205
62688552
42090028861
1333959618
563900306
7596759095
436002992
77997454
5126725856
106005915
105472032
711557932
4743857146
920266629
3277530631
869305124
1405250105
200903855
53065782
8122563495
31250372993
1554667159
