126872077146
74164696358
41484577742
395626361447
121495451325
12152752125
3469684500
113315183826
1882685619859
8311221926
8784892666
1788467811291
485328034671
510094216
37660078714
10976842578
19413701668
2300333713904
514055028833
20579478058
2036169630
206040584721
256778565698
601379288667
184757198034
181247125610
44568105656
148612155223
544527831
150275504519
695494841997
70422414858
40040688288
453382438910
316172740605
2265832898
4646352448
12117229567
840170470837
10311673132
6107948550
2402565888
128350689940
3594180781517
351841580010
5581392286
191628105403
34465837976
8121105233
158037553791
